Copyright 1986-2022 Xilinx, Inc. All Rights Reserved. Copyright 2022-2024 Advanced Micro Devices, Inc. All Rights Reserved.
---------------------------------------------------------------------------------------------------------------------------------------------
| Tool Version : Vivado v.2024.2_AR37126 (lin64) Build 5239630 Fri Nov 08 22:34:34 MST 2024
| Date         : Thu Mar 13 10:15:32 2025
| Host         : WC-DemoNB running 64-bit Ubuntu 22.04.5 LTS
| Command      : upgrade_ip
| Device       : xcvu13p-fhgb2104-2-e
---------------------------------------------------------------------------------------------------------------------------------------------

Upgrade Log for IP 'db_vio_0_0'

1. Summary
----------

SUCCESS in the update of db_vio_0_0 (xilinx.com:ip:vio:3.0 (Rev. 26)) to current project options.






Copyright 1986-2022 Xilinx, Inc. All Rights Reserved. Copyright 2022-2024 Advanced Micro Devices, Inc. All Rights Reserved.
---------------------------------------------------------------------------------------------------------------------------------------------
| Tool Version : Vivado v.2024.2_AR37126 (lin64) Build 5239630 Fri Nov 08 22:34:34 MST 2024
| Date         : Thu Mar 13 10:15:32 2025
| Host         : WC-DemoNB running 64-bit Ubuntu 22.04.5 LTS
| Command      : upgrade_ip
| Device       : xcvu13p-fhgb2104-2-e
---------------------------------------------------------------------------------------------------------------------------------------------

Upgrade Log for IP 'db_util_ds_buf_0_1'

1. Summary
----------

SUCCESS in the update of db_util_ds_buf_0_1 (xilinx.com:ip:util_ds_buf:2.2 (Rev. 7)) to current project options.






Copyright 1986-2022 Xilinx, Inc. All Rights Reserved. Copyright 2022-2024 Advanced Micro Devices, Inc. All Rights Reserved.
---------------------------------------------------------------------------------------------------------------------------------------------
| Tool Version : Vivado v.2024.2_AR37126 (lin64) Build 5239630 Fri Nov 08 22:34:34 MST 2024
| Date         : Thu Mar 13 10:15:32 2025
| Host         : WC-DemoNB running 64-bit Ubuntu 22.04.5 LTS
| Command      : upgrade_ip
| Device       : xcvu13p-fhgb2104-2-e
---------------------------------------------------------------------------------------------------------------------------------------------

Upgrade Log for IP 'db_util_ds_buf_0_0'

1. Summary
----------

SUCCESS in the update of db_util_ds_buf_0_0 (xilinx.com:ip:util_ds_buf:2.2 (Rev. 7)) to current project options.






Copyright 1986-2022 Xilinx, Inc. All Rights Reserved. Copyright 2022-2024 Advanced Micro Devices, Inc. All Rights Reserved.
---------------------------------------------------------------------------------------------------------------------------------------------
| Tool Version : Vivado v.2024.2_AR37126 (lin64) Build 5239630 Fri Nov 08 22:34:34 MST 2024
| Date         : Thu Mar 13 10:15:32 2025
| Host         : WC-DemoNB running 64-bit Ubuntu 22.04.5 LTS
| Command      : upgrade_ip
| Device       : xcvu13p-fhgb2104-2-e
---------------------------------------------------------------------------------------------------------------------------------------------

Upgrade Log for IP 'db_ila_0_0'

1. Summary
----------

SUCCESS in the update of db_ila_0_0 (xilinx.com:ip:ila:6.2 (Rev. 16)) to current project options.

